<?xml version="1.0" encoding="UTF-8"?>
<!-- Generated by org.testng.reporters.JUnitReportReporter -->
<testsuite hostname="DESKTOP-R0LRIPQ" failures="0" tests="2" name="testcases.MyTests" time="23.953" errors="0" timestamp="2022-07-19T10:19:53 CEST" skipped="0">
  <testcase classname="testcases.MyTests" name="validLoginTestCase" time="13.468"/>
  <system-out/>
  <testcase classname="testcases.MyTests" name="invalidLoginTestCase" time="10.485"/>
  <system-out/>
</testsuite> <!-- testcases.MyTests -->
