<?xml version="1.0" encoding="UTF-8"?>
<!-- Generated by org.testng.reporters.JUnitReportReporter -->
<testsuite hostname="DESKTOP-R0LRIPQ" failures="0" tests="2" name="testcases.Program1" time="16.478" errors="0" timestamp="2022-07-18T23:29:29 CEST" skipped="0">
  <testcase classname="testcases.Program1" name="validLoginTestCase" time="7.155"/>
  <system-out/>
  <testcase classname="testcases.Program1" name="invalidLoginTestCase" time="9.323"/>
  <system-out/>
</testsuite> <!-- testcases.Program1 -->
